0000  0.00.00           IEF923I ELIGIBLE DEVICE TABLE IOGEN    12/06/23 18.42
0000                    112546 NIP  IEA101A SPECIFY SYSTEM PARAMETERS FOR RELEASE 03.8 .VS2
0000                    112550 NIP   '
0000                    112551 NIP  IEA940I THE FOLLOWING PAGE DATA SETS ARE IN USE
0000                    112551 NIP   PLPA ... SYS1.PAGE.PLPA
0000                    112551 NIP   COMMON . SYS1.PAGE.COMMON
0000                    112551 NIP   LOCAL .. SYS1.PAGE.LOCAL
0000                    112552 NIP  IEA166I VATLST00: NO VOLUME MATCH FOUND FOR VOLUME CBT* ON DEVICE TYPE 3350
0000                    112552 NIP  IEA166I VATLST00: NO VOLUME MATCH FOUND FOR VOLUME ROB* ON DEVICE TYPE 3390
0000                    112552 NIP  IEA166I VATLST00: NO VOLUME MATCH FOUND FOR VOLUME SRC* ON DEVICE TYPE 3350
0000 12.25.52           IEF196I     1     //MSTRJCL  JOB MSGLEVEL=(0,0)
0000 12.25.52           S CMD1
0000 12.25.52           S BSPPILOT
0000 12.25.52           S JES2,,,PARM='WARM,NOREQ'
4000 12.25.52           IGF992I  MIH INIT COMPLETE, PRI=000300, SEC=000015
4000 12.25.52           IEE360I SMF NOW RECORDING ON SYS1.MANY ON TK5RES TIME=12.25.52
FFFF 12.25.52           RAKF is based on the ESG Security System
FFFF 12.25.52           written by Craig J. Yasuna               (Mar 1991)
FFFF 12.25.52           adapted to MVS 3.8J: A. Philip Dickinson (Aug 2005)
FFFF 12.25.52                                Phil Roberts        (Apr 2011)
FFFF 12.25.52                                Juergen Winkelmann  (Apr 2011)
8000 12.25.52           RAKF001I RAKF is now being activated
FFFF 12.25.52           RCVT WAS PROCESSED SUCCESSFULLY
4000 12.25.52           RAKF003I RAKF is now active
FFFF 12.25.52           RAKFPROF7  RAKF PROFILES UPDATED
FFFF 12.25.52           RAKFUIDS4  USER TABLE UPDATED
0000 12.25.52           IEF196I     1     //CMD1     JOB MSGLEVEL=1
0000 12.25.52           IEF196I     2     //STARTING EXEC CMD1
0000 12.25.52           IEF196I     3     XXCMD1   PROC  A=ASE0,
0000 12.25.52           IEF196I           XX             B='$',
0000 12.25.53           IEF196I           XX             C=CSK0,
0000 12.25.53           IEF196I           XX             D=DSD0,
0000 12.25.53           IEF196I           XX             E=ESS0,
0000 12.25.53           IEF196I           XX             F=FSF0,
0000 12.25.53           IEF196I           XX             G='$',
0000 12.25.53           IEF196I           XX             H=HSM0,
0000 12.25.53           IEF196I           XX             I=ISJ0,
0000 12.25.53           IEF196I           XX             J=JSL0,
0000 12.25.53           IEF196I           XX             K='$',
0000 12.25.53           IEF196I           XX             L=LSC0,
0000 12.25.53           IEF196I           XX             M=MSO0,
0000 12.25.53           IEF196I           XX             N=NSA0,
0000 12.25.53           IEF196I           XX             O=OSR0,
0000 12.25.53           IEF196I           XX             P=PSP0,
0000 12.25.53           IEF196I           XX             Q=QSQ0,
0000 12.25.53           IEF196I           XX             R=RSG0,
0000 12.25.53           IEF196I           XX             S=SSH0,
0000 12.25.53           IEF196I           XX             T=TSN0,
0000 12.25.53           IEF196I           XX             U='$',
0000 12.25.53           IEF196I           XX             V=VSI0,
0000 12.25.53           IEF196I           XX             W='$',
0000 12.25.53           IEF196I           XX             X='$',
0000 12.25.53           IEF196I           XX             Y='$',
0000 12.25.53           IEF196I           XX             Z=ZSZ0
0000 12.25.53           IEF196I     4     XXCMD1  EXEC PGM=CMDSBINT,TIME=1440,DPRTY=(15,10),
0000 12.25.53           IEF196I           XX
0000 12.25.53           IEF196I PARM='&A&B&C&D&E&F&G&H&I&J&K&L&M&N&O&P&Q&R&S&T&U&V&W&X&Y&Z'
0000 12.25.53           IEF196I  STMT NO. MESSAGE
0000 12.25.53           IEF196I -
0000 12.25.53           IEF196I     4     IEF653I SUBSTITUTION JCL -
0000 12.25.53           IEF196I PARM='ASE0$CSK0DSD0ESS0FSF0$HSM0ISJ0JSL0$LSC0MSO0NSA0OSR0PSP0QSQ
0000 12.25.53           IEF196I 0RSG0SSH0TSN0$VSI0$$$ZSZ0'
0000 12.25.53           IEF196I           ***CSC#ASYS  DD  DUMMY
0000 12.25.53           IEF196I           ***CSC#BSYS  DD  DUMMY
0000 12.25.53           IEF196I           ***CSC#CSYS  DD  DUMMY
0000 12.25.53           IEF196I           ***CSCDATA   DD  DSN=SYS1.SYSTEM.CMDSBSYS.CSCDATA,
0000 12.25.53           IEF196I DISP=SHR
0000 12.25.53           IEF196I           ***
0000 12.25.53           IEF196I           ***      WHERE  -    FOR CSC#.... REPLACE .... WITH
0000 12.25.53           IEF196I SMF SYSID OF ONE
0000 12.25.53           IEF196I           ***                  OF THE SYSTEMS USING
0000 12.25.53           IEF196I CROSS-SYSTEM COMMANDS.
0000 12.25.53           IEF196I           ***                  AS MANY CSC#.... DD CARDS AS
0000 12.25.53           IEF196I NECESSARY MAY EXIST.
0000 12.25.53           IEF196I           ***
0000 12.25.53           IEF196I IEF236I ALLOC. FOR CMD1 CMD1
0000 12.25.53           IEF196I     1     //JES2     JOB MSGLEVEL=1
0000 12.25.53           IEF196I     2     //STARTING EXEC JES2,PARM='WARM,NOREQ'
0000 12.25.53           IEF196I     3     XXJES2    PROC M=JES2PARM,
0000 12.25.53           IEF196I           XX             M2=STARTSTD,
0000 12.25.53           IEF196I           XX             N=SYS1,
0000 12.25.53           IEF196I           XX             L=LINKLIB,
0000 12.25.53           IEF196I           XX             U=3350,
0000 12.25.53           IEF196I           XX             N1=SYS1,
0000 12.25.53           IEF196I           XX             P0=SYS1,
0000 12.25.53           IEF196I           XX             P1=SYS2,
0000 12.25.53           IEF196I           XX             P2=SYS1,
0000 12.25.53           IEF196I           XX             P=JES2PARM
0000 12.25.53           IEF196I     4     XXIEFPROC EXEC PGM=HASJES20,
0000 12.25.53           IEF196I           XX             TIME=1440,
0000 12.25.53           IEF196I           XX             DPRTY=(15,15)
0000 12.25.53           IEF196I     5     XXSTEPLIB  DD  UNIT=&U,DISP=SHR,DSN=&N..&L
0000 12.25.53           IEF196I  STMT NO. MESSAGE
0000 12.25.53           IEF196I -
0000 12.25.53           IEF196I     5     IEF653I SUBSTITUTION JCL - UNIT=3350,DISP=SHR,
0000 12.25.53           IEF196I DSN=SYS1.LINKLIB
0000 12.25.53           IEF196I     6     XXPROC00   DD  DSN=&P0..PROCLIB,DISP=SHR
0000 12.25.53           IEF196I     6     IEF653I SUBSTITUTION JCL - DSN=SYS1.PROCLIB,DISP=SHR
0000 12.25.53           IEF196I     7     XX         DD  DSN=&P1..PROCLIB,DISP=SHR
0000 12.25.53           IEF196I     7     IEF653I SUBSTITUTION JCL - DSN=SYS2.PROCLIB,DISP=SHR
0000 12.25.53           IEF196I     8     XX         DD  DSN=&P2..PROCLIB,DISP=SHR
0000 12.25.53           IEF196I     8     IEF653I SUBSTITUTION JCL - DSN=SYS1.PROCLIB,DISP=SHR
0000 12.25.53           IEF196I     9     XXIEF0PDSI DD  DSN=&P0..PROCLIB,DISP=SHR
0000 12.25.53           IEF196I     9     IEF653I SUBSTITUTION JCL - DSN=SYS1.PROCLIB,DISP=SHR
0000 12.25.53           IEF196I    10     XX         DD  DSN=&P1..PROCLIB,DISP=SHR
0000 12.25.53           IEF196I    10     IEF653I SUBSTITUTION JCL - DSN=SYS2.PROCLIB,DISP=SHR
0000 12.25.53           IEF196I    11     XX         DD  DSN=&P2..PROCLIB,DISP=SHR
0000 12.25.53           IEF196I    11     IEF653I SUBSTITUTION JCL - DSN=SYS1.PROCLIB,DISP=SHR
0000 12.25.53           IEF196I    12     XXIEF1PDSI DD  DSN=&P0..PROCLIB,DISP=SHR
0000 12.25.53           IEF196I    12     IEF653I SUBSTITUTION JCL - DSN=SYS1.PROCLIB,DISP=SHR
0000 12.25.53           IEF196I    13     XX         DD  DSN=&P1..PROCLIB,DISP=SHR
0000 12.25.53           IEF196I    13     IEF653I SUBSTITUTION JCL - DSN=SYS2.PROCLIB,DISP=SHR
0000 12.25.53           IEF196I    14     XX         DD  DSN=&P2..PROCLIB,DISP=SHR
0000 12.25.53           IEF196I    14     IEF653I SUBSTITUTION JCL - DSN=SYS1.PROCLIB,DISP=SHR
0000 12.25.53           IEF196I    15     XXHASPPARM DD  DSN=&N1..&P(&M),DISP=SHR
0000 12.25.53           IEF196I    15     IEF653I SUBSTITUTION JCL -
0000 12.25.53           IEF196I DSN=SYS1.JES2PARM(JES2PARM),DISP=SHR
0000 12.25.53           IEF196I    16     XX         DD  DSN=&N1..&P(&M2),DISP=SHR
0000 12.25.53           IEF196I    16     IEF653I SUBSTITUTION JCL -
0000 12.25.53           IEF196I DSN=SYS1.JES2PARM(STARTSTD),DISP=SHR
0000 12.25.53           IEF196I    17     XXHASPLIST DD  DDNAME=IEFRDER
4000 12.25.53           IEF677I WARNING MESSAGE(S) FOR JOB JES2     ISSUED
0000 12.25.53           IEF196I    17     IEF686I DDNAME REFERRED TO ON DDNAME KEYWORD IN PRIOR
0000 12.25.53           IEF196I STEP WAS NOT RESOLVED
0000 12.25.53           IEF196I IEF236I ALLOC. FOR JES2 JES2
0000 12.25.53           IEF196I IEF237I 390  ALLOCATED TO STEPLIB
0000 12.25.53           IEF196I IEF237I 390  ALLOCATED TO PROC00
0000 12.25.53           IEF196I IEF237I 390  ALLOCATED TO
0000 12.25.53           IEF196I IEF237I 390  ALLOCATED TO
0000 12.25.53           IEF196I IEF237I 390  ALLOCATED TO IEF0PDSI
0000 12.25.53           IEF196I IEF237I 390  ALLOCATED TO
0000 12.25.53           IEF196I IEF237I 390  ALLOCATED TO
0000 12.25.53           IEF196I IEF237I 390  ALLOCATED TO IEF1PDSI
0000 12.25.53           IEF196I IEF237I 390  ALLOCATED TO
0000 12.25.53           IEF196I IEF237I 390  ALLOCATED TO
0000 12.25.53           IEF196I IEF237I 390  ALLOCATED TO HASPPARM
0000 12.25.53           IEF196I IEF237I 390  ALLOCATED TO
0000 12.25.53           IEF196I IEF237I DMY  ALLOCATED TO HASPLIST
0000 12.25.53           IEF196I IEF237I 249  ALLOCATED TO $$CKPT
FFFF 12.25.53           $HASP493 JES2  QUICK-START IS IN PROGRESS
0000 12.25.53           IEF196I $HASP493 JES2  QUICK-START IS IN PROGRESS
0000 12.25.53           IEF196I IEF237I 249  ALLOCATED TO $SPOOL0
0000 12.25.53           IEF196I IEF237I 00C  ALLOCATED TO READER1
0000 12.25.53           IEF196I IEF237I 00D  ALLOCATED TO PUNCH1
FFFF 12.25.53           $HASP412 MAXIMUM OF 1   READER(S)  EXCEEDED
0000 12.25.53           IEF196I $HASP412 MAXIMUM OF 1   READER(S)  EXCEEDED
FFFF 12.25.53           $HASP412 MAXIMUM OF 1   PUNCH(ES)  EXCEEDED
0000 12.25.53           IEF196I $HASP412 MAXIMUM OF 1   PUNCH(ES)  EXCEEDED
FFFF 12.25.53           $HASP412 MAXIMUM OF 3   PRINTER(S) EXCEEDED
0000 12.25.53           IEF196I $HASP412 MAXIMUM OF 3   PRINTER(S) EXCEEDED
0000 12.25.53           S INIT.INIT,,,JES2
0000 12.25.53           S INIT.INIT,,,JES2
0000 12.25.53           S INIT.INIT,,,JES2
4000 12.25.53           IEE041I THE SYSTEM LOG IS NOW ACTIVE
0000 12.25.53           S INIT.INIT,,,JES2
0000 12.25.53           S INIT.INIT,,,JES2
0000 12.25.53           S INIT.INIT,,,JES2
0000 12.25.53           S BSPSETPF,PARM=NOREPLYU
0004 12.25.53           $HASP000 ID 1    T=**.** I=  30 $VS,'F BSPPILOT,SCRIPT=STARTSTD'
0000 12.25.53           F BSPPILOT,SCRIPT=STARTSTD
0000 12.25.53           IEE341I BSPPILOT NOT ACTIVE
0200 12.25.53           $HASP160 PUNCH1   INACTIVE - CLASS=B
0200 12.25.53 STC    9  $HASP100 BSPPILOT ON STCINRDR
0200 12.25.53 STC   10  $HASP100 INIT     ON STCINRDR
0200 12.25.53 STC   11  $HASP100 INIT     ON STCINRDR
4000 12.25.53 STC    9  $HASP373 BSPPILOT STARTED
4000 12.25.53 STC   10  $HASP373 INIT     STARTED
0200 12.25.53 STC   12  $HASP100 INIT     ON STCINRDR
4000 12.25.53 STC   11  $HASP373 INIT     STARTED
4000 12.25.53 STC   12  $HASP373 INIT     STARTED
0200 12.25.53 STC   13  $HASP100 INIT     ON STCINRDR
0200 12.25.53 STC   14  $HASP100 INIT     ON STCINRDR
4000 12.25.53 STC   13  $HASP373 INIT     STARTED
4000 12.25.53 STC   14  $HASP373 INIT     STARTED
0200 12.25.53 STC   15  $HASP100 INIT     ON STCINRDR
0200 12.25.53 STC   16  $HASP100 BSPSETPF ON STCINRDR
4000 12.25.53 STC   15  $HASP373 INIT     STARTED
C000 12.25.53           $HASP309    INIT  1 INACTIVE ******** C=A
C000 12.25.53           $HASP309    INIT  2 INACTIVE ******** C=BA
C000 12.25.53           $HASP309    INIT  3 INACTIVE ******** C=HBA
C000 12.25.53           $HASP309    INIT  4 INACTIVE ******** C=SHB
4000 12.25.53 STC   16  $HASP373 BSPSETPF STARTED
C000 12.25.53           $HASP309    INIT  5 INACTIVE ******** C=SBA
C000 12.25.53           $HASP309    INIT  6 INACTIVE ******** C=SC
FFFF 12.25.53 STC   16  BSPSP91I - Parms passed: NOREPLYU
FFFF 12.25.53 STC   16  BSPSP93I - PFK definitions will be updated in memory
FFFF 12.25.53 STC   16  BSPSP22I - Dataset processed: SYS1.PARMLIB
FFFF 12.25.53 STC   16  BSPSP23I - on volume TK5RES
FFFF 12.25.53 STC   16  BSPSP21I - Member being processed: SETPFK01
FFFF 12.25.53 STC   16  +BSPSP98I - Member processed, LASTCC=0000
FFFF 12.25.53 STC   16  +BSPSP21I - Member being processed: SETPFK02
FFFF 12.25.53 STC   16  +BSPSP98I - Member processed, LASTCC=0000
FFFF 12.25.53 STC   16  +BSPSP99I - End of processing, MAXRC=0000
4000 12.25.53 STC   16  $HASP395 BSPSETPF ENDED
4000 12.25.58           IEE136I LOCAL: TIME=12.25.58 DATE=2023.349  UTC: TIME=11.25.58 DATE=2023.349
0000 12.25.58           D T
4000 12.25.58           IEE136I LOCAL: TIME=12.25.58 DATE=2023.349  UTC: TIME=11.25.58 DATE=2023.349
0000 12.25.58           D T
0000 12.26.23           F BSPPILOT,SCRIPT=STARTSTD
FFFF 12.26.23 STC    9  +BSPPILOT - Running script STARTSTD
FFFF 12.26.23 STC    9  +BSPRS22I - Dataset processed: SYS1.PARMLIB
FFFF 12.26.23 STC    9  +BSPRS23I - on volume TK5RES
FFFF 12.26.23 STC    9  +BSPRS08I - PARM NOECHO
0000 12.26.23 STC    9  $CA,ALL
0004 12.26.23           $HASP000 OK
0000 12.26.23 STC    9  V 480,ONLINE
0000 12.26.23 STC    9  MN JOBNAMES,T
0000 12.26.23           IEE302I 480      ONLINE
0000 12.26.23 STC    9  MN SESS,T
0000 12.26.23 STC    9  S DYNAMASK
0200 12.26.23 STC   17  $HASP100 DYNAMASK ON STCINRDR
4000 12.26.23 STC   17  $HASP373 DYNAMASK STARTED
4000 12.26.23 STC   17  IEF403I DYNAMASK - STARTED - TIME=12.26.23
4020 12.26.23 STC   17  DMSK00I DYNAMASK DONE ****
4020 12.26.23 STC   17  DMSK06I  START
4000 12.26.23 STC   17  $HASP395 DYNAMASK ENDED
4000 12.26.23 STC   17  IEF404I DYNAMASK - ENDED - TIME=12.26.23
0000 12.26.25 STC    9  S NET
0200 12.26.25 STC   18  $HASP100 NET      ON STCINRDR
0000 12.26.25 STC    9  S TP
4000 12.26.25 STC   18  $HASP373 NET      STARTED
4000 12.26.25 STC   18  IEF403I NET - STARTED - TIME=12.26.25
0200 12.26.25 STC   19  $HASP100 TP       ON STCINRDR
4000 12.26.25 STC   19  $HASP373 TP       STARTED
4000 12.26.25 STC   19  IEF403I TP - STARTED - TIME=12.26.25
0000 12.26.25 STC    9  S MF1.MF1
0200 12.26.25 STC   20  $HASP100 MF1      ON STCINRDR
4000 12.26.25 STC   20  $HASP373 MF1      STARTED
4000 12.26.25 STC   20  IEF403I MF1 - STARTED - TIME=12.26.25
0000 12.26.26 STC    9  $SA,ALL
0004 12.26.26           $HASP000 OK
0000 12.26.26 STC    9  $TA,I=3600,'$SI1-I4'
0004 12.26.26           $HASP000 ID 2    T=**.** I=3600 $SI1-I4
0004 12.26.26           $HASP000 OK
4000 12.26.26 STC   18  IST025I  BLDL FAILED FOR IEDIAE   IN VTAMLIB
4000 12.26.26 STC   18  IST025I  BLDL FAILED FOR IEDIAE   IN VTAMLIB
4000 12.26.26 STC   18  IST025I  BLDL FAILED FOR IEDIAE   IN VTAMLIB
4000 12.26.26 STC   18  IST025I  BLDL FAILED FOR IEDIAE   IN VTAMLIB
4000 12.26.26 STC   18  IST025I  BLDL FAILED FOR IEDIAK   IN VTAMLIB
4000 12.26.26 STC   18  IST025I  BLDL FAILED FOR IEDIAK   IN VTAMLIB
0000 12.26.26 STC    9  $TOSC1,D=J
0004 12.26.26           $HASP000 OK
4000 12.26.26 STC   20  IRB100I MF/1 IS ACTIVE
4000 12.26.26 STC   18  IST110I  NETWORK SOLICITOR STARTED
0000 12.26.26 STC    9  $TOSC2,D=J
0004 12.26.26           $HASP000 OK
4000 12.26.26 STC   18  IST197I  SAVED CONFIGURATION ATSO     READ FROM VTAMOBJ
4000 12.26.26 STC   18  IST093I  ATSO     ACTIVE
0000 12.26.26 STC    9  $TOSC3,D=T
0004 12.26.26           $HASP000 OK
4000 12.26.26 STC   18  IST197I  SAVED CONFIGURATION ARPF     READ FROM VTAMOBJ
4000 12.26.26 STC   18  IST093I  ARPF     ACTIVE
0000 12.26.26 STC    9  $TOSC4,D=T
0004 12.26.26           $HASP000 OK
0000 12.26.26 STC    9  $SRDR1
0004 12.26.26           $HASP000 OK
4000 12.26.26 STC   18  IST197I  SAVED CONFIGURATION AICOM    READ FROM VTAMOBJ
4000 12.26.26 STC   18  IST093I  AICOM    ACTIVE
0000 12.26.26 STC    9  $SPRT1
4200 12.26.26           IEF236I ALLOC. FOR JES2 JES2
4200 12.26.26           IEF237I 00E  ALLOCATED TO PRINTER1
0000 12.26.26           IEF196I IEF237I 00E  ALLOCATED TO PRINTER1
0004 12.26.26           $HASP000 OK
0200 12.26.26 STC   20  $HASP150 MF1      ON PRINTER1        13 LINES
0000 12.26.26           $SPRT1
0200 12.26.26 STC   20 *$HASP190 MF1      SETUP -- PRINTER1 -- F = 0001 -- C = 6    -- T = QN
0004 12.26.26           $HASP000 OK
0200 12.26.26           $HASP160 PRINTER1 INACTIVE - CLASS=A
4000 12.26.26 STC   18  IST197I  SAVED CONFIGURATION ASNASOL  READ FROM VTAMOBJ
4000 12.26.26 STC   18  IST093I  ASNASOL  ACTIVE
0000 12.26.26 STC    9  $SPRT2
4200 12.26.26           IEF236I ALLOC. FOR JES2 JES2
4200 12.26.26           IEF237I 00F  ALLOCATED TO PRINTER2
0000 12.26.26           IEF196I IEF237I 00F  ALLOCATED TO PRINTER2
0004 12.26.26           $HASP000 OK
0200 12.26.26 STC    1  $HASP150 INIT     ON PRINTER2         7 LINES
0000 12.26.26           $SPRT2
0200 12.26.26 STC    1 *$HASP190 INIT     SETUP -- PRINTER2 -- F = 0001 -- C = 6    -- T = QN
0004 12.26.26           $HASP000 OK
4000 12.26.26 STC   18  IST197I  SAVED CONFIGURATION AJRP     READ FROM VTAMOBJ
0200 12.26.26 STC    1  $HASP250 INIT     IS PURGED
0200 12.26.26 STC    2  $HASP150 INIT     ON PRINTER2         7 LINES
4000 12.26.26 STC   18  IST093I  AJRP     ACTIVE
0200 12.26.26 STC    2  $HASP250 INIT     IS PURGED
0200 12.26.26 STC    3  $HASP150 INIT     ON PRINTER2         7 LINES
0200 12.26.26 STC    4  $HASP150 INIT     ON PRINTER2         7 LINES
0200 12.26.26 STC    3  $HASP250 INIT     IS PURGED
4000 12.26.26 STC   18  IST197I  SAVED CONFIGURATION L3274    READ FROM VTAMOBJ
4000 12.26.26 STC   18  IST093I  L3274    ACTIVE
0200 12.26.26 STC    4  $HASP250 INIT     IS PURGED
0200 12.26.26 STC    5  $HASP150 INIT     ON PRINTER2         7 LINES
0200 12.26.26 STC    5  $HASP250 INIT     IS PURGED
0200 12.26.26 STC    6  $HASP150 INIT     ON PRINTER2         7 LINES
4000 12.26.26 STC   18  IST197I  SAVED CONFIGURATION L3791    READ FROM VTAMOBJ
0200 12.26.26 STC    6  $HASP250 INIT     IS PURGED
0200 12.26.26 STC    7  $HASP150 BSPSETPF ON PRINTER2        34 LINES
4000 12.26.26 STC   18  IST093I  L3791    ACTIVE
0200 12.26.26 STC    7  $HASP250 BSPSETPF IS PURGED
0200 12.26.26 STC   16  $HASP150 BSPSETPF ON PRINTER2        32 LINES
4000 12.26.26 STC   18  IST197I  SAVED CONFIGURATION S3705    READ FROM VTAMOBJ
0200 12.26.26 STC   16  $HASP250 BSPSETPF IS PURGED
0200 12.26.26 STC   17  $HASP150 DYNAMASK ON PRINTER2        28 LINES
0200 12.26.26           $HASP160 PRINTER2 INACTIVE - CLASS=Z
0200 12.26.26 STC   17  $HASP250 DYNAMASK IS PURGED
4000 12.26.26 STC   18  IST093I  S3705    ACTIVE
4000 12.26.26 STC   18  IST197I  SAVED CONFIGURATION N07      READ FROM VTAMOBJ
4040 12.26.26 STC   18  IEA000I 0C1,IOE,05,0200,400000000001,,,NET     ,12.26.26
4000 12.26.26 STC   18  IST197I  SAVED CONFIGURATION N08      READ FROM VTAMOBJ
4040 12.26.26 STC   18  IEA000I 0C2,IOE,05,0200,400000000001,,,NET     ,12.26.26
4000 12.26.26 STC   18  IST197I  SAVED CONFIGURATION N10      READ FROM VTAMOBJ
4040 12.26.26 STC   18  IEA000I 0C3,IOE,05,0200,400000000001,,,NET     ,12.26.26
4000 12.26.26 STC   18  IST197I  SAVED CONFIGURATION N11      READ FROM VTAMOBJ
4000 12.26.26 STC   18  IST197I  SAVED CONFIGURATION N12      READ FROM VTAMOBJ
4040 12.26.26 STC   18  IEA000I 0C4,IOE,05,0200,400000000001,,,NET     ,12.26.26
4000 12.26.26 STC   18  IST197I  SAVED CONFIGURATION N13      READ FROM VTAMOBJ
4040 12.26.26 STC   18  IEA000I 0C5,IOE,05,0200,400000000001,,,NET     ,12.26.26
4000 12.26.26 STC   18  IST197I  SAVED CONFIGURATION N14      READ FROM VTAMOBJ
4040 12.26.26 STC   18  IEA000I 0C6,IOE,05,0200,400000000001,,,NET     ,12.26.26
4000 12.26.26 STC   18  IST197I  SAVED CONFIGURATION N15      READ FROM VTAMOBJ
0000 12.26.26 STC   18  S TSO
0200 12.26.26 STC   21  $HASP100 TSO      ON STCINRDR
4000 12.26.26 STC   18  IST020I  VTAM INITIALIZATION COMPLETE
4000 12.26.26 STC   21  $HASP373 TSO      STARTED
4000 12.26.26 STC   21  IEF403I TSO - STARTED - TIME=12.26.26
0000 12.26.26 STC    9  $SPRT3
4200 12.26.26           IEF236I ALLOC. FOR JES2 JES2
4200 12.26.26           IEF237I 002  ALLOCATED TO PRINTER3
0000 12.26.26           IEF196I IEF237I 002  ALLOCATED TO PRINTER3
0004 12.26.26           $HASP000 OK
4000 12.26.26 STC   18  IFL003I  IFLOADRN COMPLETED
4000 12.26.26 STC   18  IST270I  370X N07      NOW LOADED WITH LOADMOD N07
0200 12.26.26           $HASP160 PRINTER3 INACTIVE - CLASS=X
0000 12.26.26 STC    9  $SLINE1
0000 12.26.26           IEF196I IEF237I 670  ALLOCATED TO LINE1
0004 12.26.26           $HASP000 OK
0000 12.26.26 STC    9  $SLINE2
0000 12.26.26           IEF196I IEF237I 671  ALLOCATED TO LINE2
0004 12.26.26           $HASP000 OK
0000 12.26.26 STC    9  $SLINE3
0000 12.26.26           IEF196I IEF237I 672  ALLOCATED TO LINE3
0004 12.26.26           $HASP000 OK
0000 12.26.26 STC    9  $SLINE4
0000 12.26.26           IEF196I IEF237I 673  ALLOCATED TO LINE4
0004 12.26.26           $HASP000 OK
0000 12.26.26 STC    9  $SPUNCH1
0004 12.26.26           $HASP000 OK
8100 12.26.26 STC   21  IKT007I TCAS ACCEPTING LOGONS
8100 12.26.26 STC   21  IKT005I TCAS IS INITIALIZED
0000 12.26.28 STC    9  F TP,TS=START
4000 12.26.28 STC   19  IKJ019I TIME SHARING IS INITIALIZED
0000 12.26.30 STC    9  S SNASOL
0200 12.26.30 STC   22  $HASP100 SNASOL   ON STCINRDR
0000 12.26.30 STC    9  S JRP
0200 12.26.30 STC   23  $HASP100 JRP      ON STCINRDR
4000 12.26.30 STC   22  $HASP373 SNASOL   STARTED
4000 12.26.31 STC   22  IEF403I SNASOL - STARTED - TIME=12.26.31
4000 12.26.31 STC   23  $HASP373 JRP      STARTED
4000 12.26.31 STC   23  IEF403I JRP - STARTED - TIME=12.26.31
0020 12.26.31 STC   22  +SNASOL - APPLICATION SNASOL   IS UP
FFFF 12.26.31 STC   23  JRPI101 INITIALIZATION COMPLETE
FFFF 12.26.31 STC   23  JRP904I - JRP WAITING FOR COMMAND.
0000 12.26.31 STC   21  LOGON
FFFF 12.26.31           LGN001I TSO logon in progress at VTAM terminal CUU0C0
4000 12.26.31           IEF170I 1 MSTRJCL  LGN001I TSO logon in progress at VTAM terminal CUU0C0
4000 12.26.31 STC   18  IFL003I  IFLOADRN COMPLETED
4000 12.26.31 STC   18  IST270I  370X N10      NOW LOADED WITH LOADMOD N10
4000 12.26.31 STC   18  IST093I  N07      ACTIVE
4000 12.26.31 STC   18  IST093I  N07P3    ACTIVE
4000 12.26.32 STC   18  IST093I  N08      ACTIVE
0200 12.26.34 TSU    1  $HASP100 HERC01   ON TSOINRDR
4000 12.26.34 TSU    1  $HASP373 HERC01   STARTED
4000 12.26.34 TSU    1  IEF125I HERC01 - LOGGED ON - TIME=12.26.34
4000 12.26.36 STC   18  IFL003I  IFLOADRN COMPLETED
4000 12.26.36 STC   18  IST270I  370X N12      NOW LOADED WITH LOADMOD N12
4000 12.26.36 STC   18  IST093I  N10      ACTIVE
4000 12.26.36 STC   18  IST093I  N10P3    ACTIVE
4000 12.26.37 STC   18  IST093I  N11      ACTIVE
4000 12.26.41 STC   18  IFL003I  IFLOADRN COMPLETED
4000 12.26.41 STC   18  IST270I  370X N14      NOW LOADED WITH LOADMOD N14
4000 12.26.41 STC   18  IST093I  N12      ACTIVE
4000 12.26.42 STC   18  IST093I  N12P3    ACTIVE
4000 12.26.42 STC   18  IST093I  N13      ACTIVE
0000 12.26.44           S HTTPD
0200 12.26.44 STC   24  $HASP100 HTTPD    ON STCINRDR
4000 12.26.44 STC   24  $HASP373 HTTPD    STARTED
4000 12.26.44 STC   24  IEF403I HTTPD - STARTED - TIME=12.26.44
FFFF 12.26.44 STC   24  HTTPD011I HTTPD was APF authorized via SVC 244
FFFF 12.26.44 STC   24  HTTPD013I STEPLIB is now APF authorized
FFFF 12.26.44 STC   24  HTTPD025I Time zone offset set to GMT -05:00:00
FFFF 12.26.44 STC   24  HTTPD032I Listening for HTTP request on port 8080
FFFF 12.26.45 STC   24  FTPD0005I Listening for FTP  request on port 8021
FFFF 12.26.45 STC   24  HHC02268I Highest observed MIPS and IO/s rates:
FFFF 12.26.45 STC   24  HHC02268I From Fri Dec 15 00:00:00 2023 to Fri Dec 15 12:26:45 2023
FFFF 12.26.45 STC   24  HHC02268I MIPS: 51.527852
FFFF 12.26.45 STC   24  HHC02268I IO/s: 1407
FFFF 12.26.45 STC   24  HHC02268I Current interval is 1440 minutes
FFFF 12.26.45 STC   24  HTTPD001I Server is READY
FFFF 12.26.45 STC   24  HTTPD061I worker(0A4200) TCB(9AD238) ACEE(9BCA30) TASK(162FC8) MGR(0A46D0) CRT(13DE48)
FFFF 12.26.45 STC   24  HTTPD061I worker(0A40F8) TCB(99FDD8) ACEE(9BCA30) TASK(173FC8) MGR(0A46D0) CRT(13DCC8)
FFFF 12.26.45 STC   24  HTTPD061I worker(0A4070) TCB(99FB88) ACEE(9BCA30) TASK(184FC8) MGR(0A46D0) CRT(13DB48)
4000 12.26.46 STC   18  IST093I  N14      ACTIVE
4000 12.26.47 STC   18  IST093I  N14P3    ACTIVE
4000 12.26.47 STC   18  IST093I  N15      ACTIVE
0000 12.26.51           D NJE38
0000 12.26.51           IEE305I D        COMMAND INVALID
0000 12.26.54 STC    9  V NET,ACT,ID=T3767S11,LOGON=SNASOL,LOGMODE=INTERACT
4000 12.26.54 STC   18  IST097I  VARY     ACCEPTED
4000 12.26.54 STC   18  IST093I  T3767S11 ACTIVE
0000 12.26.54 STC    9  V NET,ACT,ID=T3767S21,LOGON=SNASOL,LOGMODE=INTERACT
4000 12.26.54 STC   18  IST097I  VARY     ACCEPTED
4000 12.26.54 STC   18  IST093I  T3767S21 ACTIVE
0000 12.26.54 STC    9  V NET,ACT,ID=T3767S31,LOGON=SNASOL,LOGMODE=INTERACT
4000 12.26.54 STC   18  IST097I  VARY     ACCEPTED
4000 12.26.54 STC   18  IST093I  T3767S31 ACTIVE
0000 12.26.54 STC    9  V NET,ACT,ID=T3767S41,LOGON=SNASOL,LOGMODE=INTERACT
4000 12.26.54 STC   18  IST097I  VARY     ACCEPTED
4000 12.26.54 STC   18  IST093I  T3767S41 ACTIVE
0000 12.26.54 STC    9  V NET,ACT,ID=T3278S11,LOGON=SNASOL,LOGMODE=MHP3278E
4000 12.26.54 STC   18  IST097I  VARY     ACCEPTED
4000 12.26.54 STC   18  IST093I  T3278S11 ACTIVE
0000 12.26.54 STC    9  V NET,ACT,ID=T3278S21,LOGON=SNASOL,LOGMODE=MHP3278E
4000 12.26.54 STC   18  IST097I  VARY     ACCEPTED
4000 12.26.54 STC   18  IST093I  T3278S21 ACTIVE
0000 12.26.54 STC    9  V NET,ACT,ID=T3278S31,LOGON=SNASOL,LOGMODE=MHP3278E
4000 12.26.54 STC   18  IST097I  VARY     ACCEPTED
4000 12.26.54 STC   18  IST093I  T3278S31 ACTIVE
0000 12.26.54 STC    9  V NET,ACT,ID=T3278S41,LOGON=SNASOL,LOGMODE=MHP3278E
4000 12.26.54 STC   18  IST097I  VARY     ACCEPTED
4000 12.26.54 STC   18  IST093I  T3278S41 ACTIVE
0000 12.26.54 STC    9  V NET,ACT,ID=T3278L11,LOGON=SNASOL,LOGMODE=MHP3278E
4000 12.26.54 STC   18  IST097I  VARY     ACCEPTED
0000 12.26.54 STC    9  V NET,ACT,ID=T3278L21,LOGON=SNASOL,LOGMODE=MHP3278E
4000 12.26.54 STC   18  IST097I  VARY     ACCEPTED
0000 12.26.54 STC    9  V NET,ACT,ID=T3767L31,LOGON=SNASOL,LOGMODE=INTERACT
4000 12.26.54 STC   18  IST093I  T3278L21 ACTIVE
4000 12.26.54 STC   18  IST093I  T3278L11 ACTIVE
4000 12.26.54 STC   18  IST097I  VARY     ACCEPTED
4000 12.26.54 STC   18  IST093I  T3767L31 ACTIVE
0000 12.26.54 STC    9  V NET,ACT,ID=T3767L41,LOGON=SNASOL,LOGMODE=INTERACT
4000 12.26.54 STC   18  IST097I  VARY     ACCEPTED
4000 12.26.54 STC   18  IST093I  T3767L41 ACTIVE
0000 12.26.55           S NJE38
0200 12.26.55 STC   25  $HASP100 NJE38    ON STCINRDR
4000 12.26.55 STC   25  $HASP373 NJE38    STARTED
4000 12.26.55 STC   25  IEF403I NJE38 - STARTED - TIME=12.26.55
FFFF 12.26.55 STC   25  NJE000I NJE38  v2.4.2
FFFF 12.26.55 STC   25  NJE031I NJE38 is non-swappable
FFFF 12.26.55 STC   25  NJE049I Using configuration NJE38.CONFIG(CONFIG00)
FFFF 12.26.55 STC   25  NJE001I Initialization complete for local node MVSA
FFFF 12.26.55 STC   25  NJE002I Activating link MVSB
FFFF 12.26.55 STC   25  NJE141I Line 090 ready for connection to link MVSB
0140 12.26.55 STC   25  IEC809I 090 CONTROL UNIT NOT OPERATIONAL.
FFFF 12.26.55 STC   25  NJE070E i/o error 090 SIOCC 3        CSW 030E0428 02000000 Sense 00 CCW 00000000 00000000
FFFF 12.26.55 STC   25  NJE143I Link MVSB line 090 disconnected
FFFF 12.26.56 STC   25  NJE010I Line 090 is drained
0000 12.26.59 STC    9  F TP,LOAD=T07,T07
4020 12.26.59 STC   19  IED160I 3705 T07      LOAD=T07
0000 12.27.02 STC    9  F TP,LOAD=T10,T10
4020 12.27.02 STC   19  IED160I 3705 T10      LOAD=T10
0000 12.27.05 STC    9  F TP,LOAD=T12,T12
4020 12.27.05 STC   19  IED160I 3705 T12      LOAD=T12
0000 12.27.08 STC    9  F TP,LOAD=T14,T14
4020 12.27.08 STC   19  IED160I 3705 T14      LOAD=T14
0000 12.27.11 STC    9  F TP,ACTIV=T07
4020 12.27.12 STC   19  IED382I T07      ACTIVATE COMPLETE
0000 12.27.14 STC    9  F TP,ACTIV=T10
4020 12.27.15 STC   19  IED382I T10      ACTIVATE COMPLETE
0000 12.27.17 STC    9  F TP,ACTIV=T12
4020 12.27.18 STC   19  IED382I T12      ACTIVATE COMPLETE
0000 12.27.20 STC    9  F TP,ACTIV=T14
4020 12.27.21 STC   19  IED382I T14      ACTIVATE COMPLETE
0000 12.27.22 STC    9  S INISDSTD
0200 12.27.22 STC   26  $HASP100 INISDSTD ON STCINRDR
4000 12.27.22 STC   26  $HASP373 INISDSTD STARTED
0000 12.27.22 STC    9  SE 'MVS038J MVS 3.8j TK5 system initialization complete',BRDCST
4000 12.27.22 STC   26  IEF403I INISDSTD - STARTED - TIME=12.27.22
0000 12.27.22           MVS038J MVS 3.8j TK5 system initialization complete CN=00
FFFF 12.27.22 STC    9  +BSPRS99I - End of processing, MAXRC=0000
4000 12.27.22 STC   26  $HASP395 INISDSTD ENDED
4000 12.27.22 STC   26  IEF404I INISDSTD - ENDED - TIME=12.27.22
0200 12.27.22 STC   26  $HASP150 INISDSTD ON PRINTER2        21 LINES
0200 12.27.22           $HASP160 PRINTER2 INACTIVE - CLASS=Z
0200 12.27.22 STC   26  $HASP250 INISDSTD IS PURGED
0200 12.28.09 JOB    1  $HASP100 SHUTDOWN ON INTRDR      Shutdown TK5
4000 12.28.09 JOB    1  $HASP373 SHUTDOWN STARTED - INIT  1 - CLASS A - SYS TK5R
4000 12.28.09 JOB    1  IEF403I SHUTDOWN - STARTED - TIME=12.28.09
0004 12.28.09 JOB    1  IEFACTRT - Stepname  Procstep  Program   Retcode
0004 12.28.09 JOB    1  SHUTDOWN   SHUTDOWN  SHUTDOWN  BSPHRCMD  RC= 0000
4000 12.28.09 JOB    1  $HASP395 SHUTDOWN ENDED
4000 12.28.09 JOB    1  IEF404I SHUTDOWN - ENDED - TIME=12.28.09
C000 12.28.09           $HASP309    INIT  1 INACTIVE ******** C=A
0200 12.28.09 JOB    1  $HASP150 SHUTDOWN ON PRINTER1        40 LINES
0200 12.28.09           $HASP160 PRINTER1 INACTIVE - CLASS=A
0200 12.28.09 JOB    1  $HASP250 SHUTDOWN IS PURGED
0004 12.28.14 TSU    1  IEFACTRT - Stepname  Procstep  Program   Retcode
4000 12.28.14 TSU    1  IEF126I HERC01 - LOGGED OFF - TIME=12.28.14
4000 12.28.14 TSU    1  $HASP395 HERC01   ENDED
0200 12.28.14 TSU    1  $HASP150 HERC01   ON PRINTER2       212 LINES
0200 12.28.14           $HASP160 PRINTER2 INACTIVE - CLASS=Z
0200 12.28.14 TSU    1  $HASP250 HERC01   IS PURGED
0000 12.28.39           F BSPPILOT,SHUTNOW
4000 12.28.39 STC    9 @BSPPILOT - Immediate Shutdown was requested
FFFF 12.28.39 STC    9  +BSPPILOT - Running script SHUTNOW
FFFF 12.28.39 STC    9  +BSPRS22I - Dataset processed: SYS1.PARMLIB
FFFF 12.28.39 STC    9  +BSPRS23I - on volume TK5RES
FFFF 12.28.39 STC    9  +BSPRS08I - PARM NOREPLYU
FFFF 12.28.39 STC    9  +BSPRS08I - PARM NOECHO
0000 12.28.39 STC    9  $CA,ALL
0004 12.28.39           $HASP000 OK
0000 12.28.40 STC    9  F TSO,USERMAX=0
0000 12.28.40 STC    9  $PI
0004 12.28.40           $HASP000 OK
4000 12.28.40 STC   10  $HASP395 INIT     ENDED
4000 12.28.40 STC   10  IEF404I INIT - ENDED - TIME=12.28.40
0200 12.28.40 STC   10  $HASP150 INIT     ON PRINTER2         7 LINES
0200 12.28.40           $HASP160 PRINTER2 INACTIVE - CLASS=Z
0200 12.28.40 STC   10  $HASP250 INIT     IS PURGED
4000 12.28.40 STC   15  $HASP395 INIT     ENDED
4000 12.28.40 STC   15  IEF404I INIT - ENDED - TIME=12.28.40
0200 12.28.40 STC   15  $HASP150 INIT     ON PRINTER2         7 LINES
0200 12.28.40           $HASP160 PRINTER2 INACTIVE - CLASS=Z
0200 12.28.40 STC   15  $HASP250 INIT     IS PURGED
4000 12.28.40 STC   14  $HASP395 INIT     ENDED
4000 12.28.40 STC   14  IEF404I INIT - ENDED - TIME=12.28.40
0200 12.28.40 STC   14  $HASP150 INIT     ON PRINTER2         7 LINES
0200 12.28.40           $HASP160 PRINTER2 INACTIVE - CLASS=Z
0200 12.28.40 STC   14  $HASP250 INIT     IS PURGED
4000 12.28.40 STC   13  $HASP395 INIT     ENDED
4000 12.28.40 STC   13  IEF404I INIT - ENDED - TIME=12.28.40
0200 12.28.40 STC   13  $HASP150 INIT     ON PRINTER2         7 LINES
0200 12.28.40           $HASP160 PRINTER2 INACTIVE - CLASS=Z
0200 12.28.40 STC   13  $HASP250 INIT     IS PURGED
4000 12.28.40 STC   12  $HASP395 INIT     ENDED
4000 12.28.40 STC   12  IEF404I INIT - ENDED - TIME=12.28.40
0200 12.28.40 STC   12  $HASP150 INIT     ON PRINTER2         7 LINES
0200 12.28.40           $HASP160 PRINTER2 INACTIVE - CLASS=Z
0200 12.28.40 STC   12  $HASP250 INIT     IS PURGED
4000 12.28.40 STC   11  $HASP395 INIT     ENDED
4000 12.28.40 STC   11  IEF404I INIT - ENDED - TIME=12.28.40
FFFF 12.28.40 STC    9  +BSPRS08I - Immediate Shutdown Requested!
FFFF 12.28.40 STC    9  +BSPRS08I - Going .....
0000 12.28.40 STC    9  SE '+-------------------------------------------------------+'
0200 12.28.40 STC   11  $HASP150 INIT     ON PRINTER2         7 LINES
0200 12.28.40           $HASP160 PRINTER2 INACTIVE - CLASS=Z
0200 12.28.40 STC   11  $HASP250 INIT     IS PURGED
0000 12.28.40 STC    9  SE '× Please logoff, the system will terminate in 10 Seconds×'
0000 12.28.40 STC    9  SE '+-------------------------------------------------------+'
8100 12.28.40 STC   21  IKT008I TCAS NOT ACCEPTING LOGONS
FFFF 12.28.50 STC    9  +BSPRS08I -       ..... Going .....
0000 12.28.50 STC    9  SE '*********************************************************'
0000 12.28.50 STC    9  SE '* That was it, system is terminating now                *'
0000 12.28.50 STC    9  SE '*********************************************************'
FFFF 12.28.50 STC    9  +BSPRS08I -                   ..... Going .....
0000 12.28.55 STC    9  P TSO
0000 12.28.55 STC    9  F TP,TS=STOP
4000 12.28.55 STC   19  IKJ405I TIME SHARING ENDED
8100 12.28.55 STC   21 *00 IKT012D TCAS TERMINATION IN PROGRESS - SPECIFY 'U' OR 'DUMP'
8100 12.28.57 STC    9  IEE600I REPLY TO 00 IS;'U'
0000 12.28.57 STC    9  R 00,'U'      <<<<<< BY BSPPILOT
8100 12.28.57 STC   21  IKT006I  TCAS ENDED
4000 12.28.57 STC   21  $HASP395 TSO      ENDED
4000 12.28.57 STC   21  IEF404I TSO - ENDED - TIME=12.28.57
0200 12.28.58 STC   21  $HASP150 TSO      ON PRINTER1        21 LINES
0200 12.28.58 STC   21  $HASP150 TSO      ON PRINTER2        29 LINES
0200 12.28.58           $HASP160 PRINTER1 INACTIVE - CLASS=A
0200 12.28.58           $HASP160 PRINTER2 INACTIVE - CLASS=Z
0200 12.28.58 STC   21  $HASP250 TSO      IS PURGED
0000 12.29.00 STC    9  P SNASOL
0000 12.29.00 STC    9  P JRP
0000 12.29.00 STC    9  F TP,DEACT=T07
0000 12.29.00 STC    9  F TP,DEACT=T10
0000 12.29.00 STC    9  F TP,DEACT=T12
0000 12.29.00 STC    9  F TP,DEACT=T14
0020 12.29.00 STC   22  +SNASOL - APPLICATION IS SHUTTING DOWN
0020 12.29.01 STC   22  +SNASOL - LOGGED OFF T3278L21 FOR SHUTDOWN
0020 12.29.01 STC   22  +SNASOL - LOGGED OFF T3278L11 FOR SHUTDOWN
0020 12.29.01 STC   22  +SNASOL - LOGGED OFF T3767L31 FOR SHUTDOWN
0020 12.29.01 STC   22  +SNASOL - LOGGED OFF T3767L41 FOR SHUTDOWN
0020 12.29.01 STC   22  +SNASOL - APPLICATION COMPLETE - RPL STATS: COUNT=005,   REQUESTS=010
4000 12.29.02 STC   22  $HASP395 SNASOL   ENDED
4000 12.29.02 STC   22  IEF404I SNASOL - ENDED - TIME=12.29.02
0200 12.29.02 STC   22  $HASP150 SNASOL   ON PRINTER2        27 LINES
0200 12.29.02           $HASP160 PRINTER2 INACTIVE - CLASS=Z
0200 12.29.02 STC   22  $HASP250 SNASOL   IS PURGED
FFFF 12.29.02 STC   23  JRPI102 JRP SHUTTING DOWN
4020 12.29.04 STC   19  IED401I T07          HAS BEEN DEACTIVATED
4020 12.29.04 STC   19  IED401I T10          HAS BEEN DEACTIVATED
4020 12.29.04 STC   19  IED401I T12          HAS BEEN DEACTIVATED
4020 12.29.05 STC   19  IED401I T14          HAS BEEN DEACTIVATED
0000 12.29.05 STC    9  Z NET,QUICK
4000 12.29.05 STC   18  IST097I  HALT     ACCEPTED
4400 12.29.05 STC   18  IST133I  VTAM TERMINATION IN PROGRESS
4000 12.29.06 STC   18  IST109I  NETWORK SOLICITOR IS NOW TERMINATED
4140 12.29.06 STC   18  IST141I  NODE L3274    NOW DORMANT
4000 12.29.06 STC   18  IST105I  S3705    NODE NOW INACTIVE
4000 12.29.06 STC   18  IST617I  DEACTIVATE IN PROGRESS FOR N07P3
4000 12.29.06 STC   18  IST617I  DEACTIVATE IN PROGRESS FOR N08
4000 12.29.06 STC   18  IST617I  DEACTIVATE IN PROGRESS FOR N10P3
4000 12.29.06 STC   18  IST617I  DEACTIVATE IN PROGRESS FOR N11
4000 12.29.06 STC   18  IST617I  DEACTIVATE IN PROGRESS FOR N12P3
4000 12.29.06 STC   18  IST617I  DEACTIVATE IN PROGRESS FOR N13
4000 12.29.06 STC   18  IST617I  DEACTIVATE IN PROGRESS FOR N14P3
4000 12.29.06 STC   18  IST617I  DEACTIVATE IN PROGRESS FOR N15
4000 12.29.06 STC   18  IST105I  L3274    NODE NOW INACTIVE
4140 12.29.06 STC   18  IST141I  NODE P3767L4  NOW DORMANT
4000 12.29.06 STC   18  IST105I  P3767L4  NODE NOW INACTIVE
4140 12.29.06 STC   18  IST141I  NODE N12P3    NOW DORMANT
4140 12.29.06 STC   18  IST141I  NODE N10P3    NOW DORMANT
4140 12.29.06 STC   18  IST141I  NODE N07P3    NOW DORMANT
4140 12.29.06 STC   18  IST141I  NODE N14P3    NOW DORMANT
4000 12.29.06 STC   18  IST105I  N12P3    NODE NOW INACTIVE
4000 12.29.06 STC   18  IST105I  N10P3    NODE NOW INACTIVE
4000 12.29.06 STC   18  IST105I  N07P3    NODE NOW INACTIVE
4000 12.29.06 STC   18  IST105I  N14P3    NODE NOW INACTIVE
4140 12.29.06 STC   18  IST141I  NODE P3278L2  NOW DORMANT
4000 12.29.06 STC   18  IST105I  P3278L2  NODE NOW INACTIVE
0000 12.29.06 STC    9  I SMF
4140 12.29.06 STC   18  IST141I  NODE P3278L1  NOW DORMANT
4000 12.29.06 STC   18  IST105I  P3278L1  NODE NOW INACTIVE
0000 12.29.06           S SMFDAILY,,,MAN=Y
8000 12.29.06          *IEE362A SMF ENTER DUMP FOR SYS1.MANY ON TK5RES
4000 12.29.06           IEE360I SMF NOW RECORDING ON SYS1.MANX ON TK5RES TIME=12.29.06
0200 12.29.06 STC   27  $HASP100 SMFDAILY ON STCINRDR
4000 12.29.06 STC   27  $HASP373 SMFDAILY STARTED
4000 12.29.06 STC   27  IEF403I SMFDAILY - STARTED - TIME=12.29.06
4140 12.29.06 STC   18  IST141I  NODE P3767L3  NOW DORMANT
4000 12.29.06 STC   18  IST105I  P3767L3  NODE NOW INACTIVE
4000 12.29.06 STC   18  IST105I  L3791    NODE NOW INACTIVE
4140 12.29.06 STC   18  IST141I  NODE N13      NOW DORMANT
4000 12.29.06 STC   18  IST105I  N13      NODE NOW INACTIVE
4140 12.29.06 STC   18  IST141I  NODE N15      NOW DORMANT
4140 12.29.06 STC   18  IST141I  NODE N11      NOW DORMANT
4000 12.29.06 STC   27  $HASP395 SMFDAILY ENDED
4000 12.29.06 STC   27  IEF404I SMFDAILY - ENDED - TIME=12.29.06
4140 12.29.06 STC   18  IST141I  NODE N08      NOW DORMANT
0200 12.29.06 STC   27  $HASP150 SMFDAILY ON PRINTER2        36 LINES
0200 12.29.06           $HASP160 PRINTER2 INACTIVE - CLASS=Z
0200 12.29.06 STC   27  $HASP250 SMFDAILY IS PURGED
4000 12.29.06 STC   18  IST105I  N11      NODE NOW INACTIVE
4000 12.29.06 STC   18  IST105I  N08      NODE NOW INACTIVE
4000 12.29.06 STC   18  IST105I  N15      NODE NOW INACTIVE
4140 12.29.06 STC   18  IST141I  NODE N12      NOW DORMANT
4000 12.29.06 STC   18  IST105I  N12      NODE NOW INACTIVE
4140 12.29.06 STC   18  IST141I  NODE N07      NOW DORMANT
4140 12.29.06 STC   18  IST141I  NODE N14      NOW DORMANT
4140 12.29.06 STC   18  IST141I  NODE N10      NOW DORMANT
4000 12.29.06 STC   18  IST105I  N14      NODE NOW INACTIVE
4000 12.29.06 STC   18  IST105I  N07      NODE NOW INACTIVE
4000 12.29.06 STC   18  IST105I  N10      NODE NOW INACTIVE
FFFF 12.29.06 STC   23  JRPI104 SHUTDOWN COMPLETE, ENDING
FFFF 12.29.06 STC   23  JRP100I AFTER ACB CLOSE
4000 12.29.06 STC   23  $HASP395 JRP      ENDED
4000 12.29.06 STC   23  IEF404I JRP - ENDED - TIME=12.29.06
0200 12.29.06 STC   23  $HASP150 JRP      ON PRINTER2        53 LINES
0200 12.29.06           $HASP160 PRINTER2 INACTIVE - CLASS=Z
0200 12.29.06 STC   23  $HASP250 JRP      IS PURGED
0000 12.29.09 STC    9  $P PRT1
0004 12.29.09           $HASP000 OK
0300 12.29.09           $HASP097 PRINTER1 IS DRAINED
0000 12.29.09 STC    9  $P PRT2
0004 12.29.09           $HASP000 OK
0300 12.29.09           $HASP097 PRINTER2 IS DRAINED
0000 12.29.09 STC    9  $P PRT3
0004 12.29.09           $HASP000 OK
0300 12.29.09           $HASP097 PRINTER3 IS DRAINED
0000 12.29.09 STC    9  $P PUNCH1
0004 12.29.09           $HASP000 OK
0300 12.29.09           $HASP097 PUNCH1   IS DRAINED
0000 12.29.09 STC    9  $P RDR1
0004 12.29.09           $HASP000 OK
0300 12.29.09           $HASP097 READER1  IS DRAINED
0000 12.29.09 STC    9  $P LINE1
0004 12.29.09           $HASP000 OK
0000 12.29.09 STC    9  $P LINE2
0004 12.29.09           $HASP000 OK
0000 12.29.09 STC    9  $P LINE3
0004 12.29.09           $HASP000 OK
0000 12.29.09 STC    9  $P LINE4
0004 12.29.09           $HASP000 OK
0000 12.29.14 STC    9  Z TP
0000 12.29.14 STC    9  $E LINE1
0004 12.29.14           $HASP000 OK
0300 12.29.14           $HASP097 LINE1    IS DRAINED
0000 12.29.14 STC    9  $E LINE2
0004 12.29.14           $HASP000 OK
0300 12.29.14           $HASP097 LINE2    IS DRAINED
0000 12.29.14 STC    9  $E LINE3
0004 12.29.14           $HASP000 OK
0300 12.29.14           $HASP097 LINE3    IS DRAINED
0000 12.29.14 STC    9  $E LINE4
0004 12.29.14           $HASP000 OK
0300 12.29.14           $HASP097 LINE4    IS DRAINED
4020 12.29.14 STC   19  IED097I TCAM IS CLOSED DOWN
4000 12.29.14 STC   19  $HASP395 TP       ENDED
4000 12.29.14 STC   19  IEF404I TP - ENDED - TIME=12.29.14
0000 12.29.17 STC    9  $P
0004 12.29.17           $HASP000 SYSTEM DRAINING
FFFF 12.29.17 STC    9  +BSPRS08I -                               ..... GONE ....
0000 12.29.17 STC    9  F BSPPILOT,STOPMVS
0000 12.29.17 STC    9  P MF1
0000 12.29.17 STC    9  P CMD1
4000 12.29.17          *CMD SUBSYS -   COMMAND SUB-SYSTEM TERMINATED
4000 12.29.17           IEF404I CMD1 - ENDED - TIME=12.29.17
0000 12.29.17           IEF196I IEF142I CMD1 CMD1 - STEP WAS EXECUTED - COND CODE 0000
0000 12.29.17 STC    9  P BSPPILOT
4000 12.29.17 STC   20  IRB101I MF/1 REPORT AVAILABLE FOR PRINTING
4000 12.29.17 STC   20  IRB102I MF/1 TERMINATED
0000 12.29.17 STC    9  $P
0004 12.29.17           $HASP000 SYSTEM DRAINING
4000 12.29.17 STC   20  $HASP395 MF1      ENDED
4000 12.29.17 STC   20  IEF404I MF1 - ENDED - TIME=12.29.17
0000 12.29.17 STC    9  $PJES2
0004 12.29.17           $HASP000 JES2 NOT DORMANT -- SYSTEM NOW DRAINING
4000 12.29.17 STC    9 *BSPSD999 - Shutting down MVS
FFFF 12.29.17 STC    9  +BSPPILOT - Shutdown sequence terminated
4000 12.29.17 STC    9  $HASP395 BSPPILOT ENDED
4000 12.29.17 STC    9  IEF404I BSPPILOT - ENDED - TIME=12.29.17
4000 12.29.51 STC   18  IST105I  ATSO     NODE NOW INACTIVE
4000 12.29.51 STC   18  IST105I  ARPF     NODE NOW INACTIVE
4000 12.29.51 STC   18  IST105I  AICOM    NODE NOW INACTIVE
4000 12.29.51 STC   18  IST105I  ASNASOL  NODE NOW INACTIVE
4000 12.29.51 STC   18  IST105I  AJRP     NODE NOW INACTIVE
4000 12.29.51 STC   18  IST412I  VTAM COMMAND PROCESSING TERMINATED
4000 12.29.51 STC   18  IST102I  VTAM IS NOW INACTIVE
4000 12.29.51 STC   18  $HASP395 NET      ENDED
4000 12.29.51 STC   18  IEF404I NET - ENDED - TIME=12.29.51
0000 12.30.07           P NJE38
4000 12.30.07 STC   25  $HASP395 NJE38    ENDED
4000 12.30.07 STC   25  IEF404I NJE38 - ENDED - TIME=12.30.07
0000 12.30.11           P HTTPD
FFFF 12.30.11 STC   24  HTTPD100I CONS(3) START
FFFF 12.30.11 STC   24  HTTPD100I CONS(3) STOP
FFFF 12.30.11 STC   24  HTTPD002I Server is QUIESCE
FFFF 12.30.11 STC   24  HTTPD060I socket_thread(00150FC8) shutdown
FFFF 12.30.12 STC   24  HTTPD060I worker_thread(00184FC8) shutdown
FFFF 12.30.13 STC   24  HTTPD060I worker_thread(00173FC8) shutdown
FFFF 12.30.13 STC   24  HTTPD060I worker_thread(00162FC8) shutdown
FFFF 12.30.14 STC   24  HTTPD002I Server is SHUTDOWN
4000 12.30.14 STC   24  $HASP395 HTTPD    ENDED
4000 12.30.14 STC   24  IEF404I HTTPD - ENDED - TIME=12.30.14
FF40 12.30.14           $HASP099 ALL AVAILABLE FUNCTIONS COMPLETE
0000 12.30.17           $PJES2
4000 12.30.17           IEE043I A SYSTEM LOG DATA SET HAS BEEN QUEUED TO SYSOUT CLASS L
4000 12.30.17           IEE037I LOG NOT ACTIVE
FFFF 12.30.22           $HASP085 JES2 TERMINATION COMPLETE
0000 12.30.22           IEF196I $HASP085 JES2 TERMINATION COMPLETE
4000 12.30.22           IEF404I JES2 - ENDED - TIME=12.30.22
0000 12.30.22           IEF196I IEF142I JES2 JES2 - STEP WAS EXECUTED - COND CODE 0000
0000 12.30.22           IEF196I IEF285I   SYS1.LINKLIB                                 KEPT
0000 12.30.22           IEF196I IEF285I   VOL SER NOS= TK5RES.
0000 12.30.22           IEF196I IEF285I   SYS1.PROCLIB                                 KEPT
0000 12.30.22           IEF196I IEF285I   VOL SER NOS= TK5RES.
0000 12.30.22           IEF196I IEF285I   SYS2.PROCLIB                                 KEPT
0000 12.30.22           IEF196I IEF285I   VOL SER NOS= TK5RES.
0000 12.30.22           IEF196I IEF285I   SYS1.PROCLIB                                 KEPT
0000 12.30.22           IEF196I IEF285I   VOL SER NOS= TK5RES.
0000 12.30.22           IEF196I IEF285I   SYS1.PROCLIB                                 KEPT
0000 12.30.22           IEF196I IEF285I   VOL SER NOS= TK5RES.
0000 12.30.22           IEF196I IEF285I   SYS2.PROCLIB                                 KEPT
0000 12.30.22           IEF196I IEF285I   VOL SER NOS= TK5RES.
0000 12.30.22           IEF196I IEF285I   SYS1.PROCLIB                                 KEPT
0000 12.30.22           IEF196I IEF285I   VOL SER NOS= TK5RES.
0000 12.30.22           IEF196I IEF285I   SYS1.PROCLIB                                 KEPT
0000 12.30.22           IEF196I IEF285I   VOL SER NOS= TK5RES.
0000 12.30.22           IEF196I IEF285I   SYS2.PROCLIB                                 KEPT
0000 12.30.22           IEF196I IEF285I   VOL SER NOS= TK5RES.
0000 12.30.22           IEF196I IEF285I   SYS1.PROCLIB                                 KEPT
0000 12.30.22           IEF196I IEF285I   VOL SER NOS= TK5RES.
0000 12.30.22           IEF196I IEF285I   SYS1.JES2PARM                                KEPT
0000 12.30.22           IEF196I IEF285I   VOL SER NOS= TK5RES.
0000 12.30.22           IEF196I IEF285I   SYS1.JES2PARM                                KEPT
0000 12.30.22           IEF196I IEF285I   VOL SER NOS= TK5RES.
0000 12.30.22           IEF196I IEF285I   SYS1.HASPCKPT                                KEPT
0000 12.30.22           IEF196I IEF285I   VOL SER NOS= SPOOL0.
0000 12.30.22           IEF196I IEF285I   SYS1.HASPACE                                 KEPT
0000 12.30.22           IEF196I IEF285I   VOL SER NOS= SPOOL0.
0000 12.30.25           Z EOD
8000 12.30.25          *IEE362A SMF ENTER DUMP FOR SYS1.MANX ON TK5RES
4000 12.30.25           IEE360I SMF NOW RECORDING ON SYS1.MANY ON TK5RES TIME=12.30.25
4000 12.30.25           IEE334I HALT     EOD SUCCESSFUL
0000 12.30.28           QUIESCE
